Succeed conversion:

Failed conversion:
../station_raw_to_netcdf/input/h01/EHHS01042.Txt ERROR: converter not found
../station_raw_to_netcdf/input/h01/EHHS01043_1122_cota45cm.Txt ERROR: converter not found
../station_raw_to_netcdf/input/h01/EHHS01044_1140_cota44cm.Txt ERROR: converter not found
../station_raw_to_netcdf/input/h01/h01.txt ERROR: converter not found
../station_raw_to_netcdf/input/h02/EHHS02052.csv ERROR: converter not found
../station_raw_to_netcdf/input/h02/EHHS02053_cota_abaixo_regua.csv ERROR: converter not found
../station_raw_to_netcdf/input/hobo UA-003 precipitacao/EHP01066_1.csv ERROR: file already exist
../station_raw_to_netcdf/input/hobo UA-003 precipitacao/EHP02039.csv ERROR: file already exist
../station_raw_to_netcdf/input/hobo UA-003 precipitacao/EHP03036.csv ERROR: file already exist
../station_raw_to_netcdf/input/hobo UA-003 precipitacao/EHP04038.csv ERROR: file already exist
../station_raw_to_netcdf/input/hobo UA-003 precipitacao/EHP05039.csv ERROR: file already exist
../station_raw_to_netcdf/input/hobo UA-003 precipitacao/EHP06035.csv ERROR: file already exist
../station_raw_to_netcdf/input/hobo UA-003 precipitacao/EHP07034.csv ERROR: file already exist
../station_raw_to_netcdf/input/hobo UA-003 precipitacao/EHP08040.csv ERROR: file already exist
../station_raw_to_netcdf/input/hobo UA-003 precipitacao/EHP09031.csv ERROR: file already exist
../station_raw_to_netcdf/input/hobo UA-003 precipitacao/EHP10036.csv ERROR: file already exist
../station_raw_to_netcdf/input/l01/EHL01053.csv ERROR: converter not found
../station_raw_to_netcdf/input/l01/EHL01054_0,5cm.csv ERROR: converter not found
../station_raw_to_netcdf/input/l02/EHL02050.csv ERROR: converter not found
../station_raw_to_netcdf/input/l02/EHL02051.csv ERROR: converter not found
../station_raw_to_netcdf/input/m01/EHM01113.txt ERROR: converter not found
../station_raw_to_netcdf/input/m01/EHM01114.txt ERROR: converter not found
../station_raw_to_netcdf/input/m01/m01.txt ERROR: converter not found
../station_raw_to_netcdf/input/p01/p01.csv ERROR: file already exist
../station_raw_to_netcdf/input/p02/EHP02039.csv ERROR: file already exist
../station_raw_to_netcdf/input/p02/p02.csv ERROR: file already exist
../station_raw_to_netcdf/input/p03/p03.csv ERROR: file already exist
../station_raw_to_netcdf/input/p04/p04.csv ERROR: file already exist
../station_raw_to_netcdf/input/p05/p05.csv ERROR: file already exist
../station_raw_to_netcdf/input/p06/p06.csv ERROR: file already exist
../station_raw_to_netcdf/input/p07/p07.csv ERROR: file already exist
../station_raw_to_netcdf/input/p08/p08.csv ERROR: file already exist
../station_raw_to_netcdf/input/p09/p09.csv ERROR: file already exist
../station_raw_to_netcdf/input/p10/p10.csv ERROR: file already exist
